[ 2015-11-18T16:31:39+08:00 ] 127.0.0.1 /index.php
INFO: [ app_init ] --START--
INFO: Run Behavior\BuildLiteBehavior [ RunTime:0.000017s ]
INFO: [ app_init ] --END-- [ RunTime:0.000628s ]
INFO: [ app_begin ] --START--
INFO: Run Behavior\ReadHtmlCacheBehavior [ RunTime:0.001043s ]
INFO: [ app_begin ] --END-- [ RunTime:0.001122s ]
SQL: SELECT * FROM `it_category` WHERE ( parent_id = 0 )  [ RunTime:0.0029s ]
INFO: [ view_parse ] --START--
INFO: [ template_filter ] --START--
INFO: Run Behavior\ContentReplaceBehavior [ RunTime:0.000210s ]
INFO: [ template_filter ] --END-- [ RunTime:0.000278s ]
INFO: Run Behavior\ParseTemplateBehavior [ RunTime:0.017146s ]
INFO: [ view_parse ] --END-- [ RunTime:0.017219s ]
INFO: [ view_filter ] --START--
INFO: Run Behavior\WriteHtmlCacheBehavior [ RunTime:0.000650s ]
INFO: [ view_filter ] --END-- [ RunTime:0.000700s ]
INFO: [ app_end ] --START--
INFO: Run Behavior\ShowPageTraceBehavior [ RunTime:0.001305s ]
INFO: [ app_end ] --END-- [ RunTime:0.001394s ]

[ 2015-11-18T16:34:56+08:00 ] 127.0.0.1 /index.php
INFO: [ app_init ] --START--
INFO: Run Behavior\BuildLiteBehavior [ RunTime:0.000018s ]
INFO: [ app_init ] --END-- [ RunTime:0.000714s ]
INFO: [ app_begin ] --START--
INFO: Run Behavior\ReadHtmlCacheBehavior [ RunTime:0.000986s ]
INFO: [ app_begin ] --END-- [ RunTime:0.001048s ]
SQL: SELECT * FROM `it_category` WHERE ( parent_id = 0 )  [ RunTime:0.0003s ]
INFO: [ view_parse ] --START--
INFO: [ template_filter ] --START--
INFO: Run Behavior\ContentReplaceBehavior [ RunTime:0.000209s ]
INFO: [ template_filter ] --END-- [ RunTime:0.000276s ]
INFO: Run Behavior\ParseTemplateBehavior [ RunTime:0.018622s ]
INFO: [ view_parse ] --END-- [ RunTime:0.018692s ]
INFO: [ view_filter ] --START--
INFO: Run Behavior\WriteHtmlCacheBehavior [ RunTime:0.000575s ]
INFO: [ view_filter ] --END-- [ RunTime:0.000621s ]
INFO: [ app_end ] --START--
INFO: Run Behavior\ShowPageTraceBehavior [ RunTime:0.001450s ]
INFO: [ app_end ] --END-- [ RunTime:0.001539s ]

[ 2015-11-18T16:35:34+08:00 ] 127.0.0.1 /index.php
INFO: [ app_init ] --START--
INFO: Run Behavior\BuildLiteBehavior [ RunTime:0.000018s ]
INFO: [ app_init ] --END-- [ RunTime:0.000553s ]
INFO: [ app_begin ] --START--
INFO: Run Behavior\ReadHtmlCacheBehavior [ RunTime:0.000941s ]
INFO: [ app_begin ] --END-- [ RunTime:0.001003s ]
SQL: SELECT * FROM `it_category` WHERE ( parent_id = 0 )  [ RunTime:0.0002s ]
INFO: [ view_parse ] --START--
INFO: [ template_filter ] --START--
INFO: Run Behavior\ContentReplaceBehavior [ RunTime:0.000317s ]
INFO: [ template_filter ] --END-- [ RunTime:0.000415s ]
INFO: Run Behavior\ParseTemplateBehavior [ RunTime:0.017620s ]
INFO: [ view_parse ] --END-- [ RunTime:0.017688s ]
INFO: [ view_filter ] --START--
INFO: Run Behavior\WriteHtmlCacheBehavior [ RunTime:0.000537s ]
INFO: [ view_filter ] --END-- [ RunTime:0.000582s ]
INFO: [ app_end ] --START--
INFO: Run Behavior\ShowPageTraceBehavior [ RunTime:0.001014s ]
INFO: [ app_end ] --END-- [ RunTime:0.001079s ]

[ 2015-11-18T16:39:57+08:00 ] 127.0.0.1 /index.php
INFO: [ app_init ] --START--
INFO: Run Behavior\BuildLiteBehavior [ RunTime:0.000017s ]
INFO: [ app_init ] --END-- [ RunTime:0.000575s ]
INFO: [ app_begin ] --START--
INFO: Run Behavior\ReadHtmlCacheBehavior [ RunTime:0.001198s ]
INFO: [ app_begin ] --END-- [ RunTime:0.001272s ]
SQL: SELECT * FROM `it_category` WHERE ( parent_id = 0 )  [ RunTime:0.0002s ]
INFO: [ view_parse ] --START--
NOTIC: [2] simplexml_load_string(): Entity: line 1: parser error : error parsing attribute name H:\www.tao.com\ThinkPHP\Library\Think\Template.class.php 第 304 行.
NOTIC: [2] simplexml_load_string(): &lt;tpl&gt;&lt;tag 'Public.index' /&gt;&lt;/tpl&gt; H:\www.tao.com\ThinkPHP\Library\Think\Template.class.php 第 304 行.
NOTIC: [2] simplexml_load_string():           ^ H:\www.tao.com\ThinkPHP\Library\Think\Template.class.php 第 304 行.
NOTIC: [2] simplexml_load_string(): Entity: line 1: parser error : attributes construct error H:\www.tao.com\ThinkPHP\Library\Think\Template.class.php 第 304 行.
NOTIC: [2] simplexml_load_string(): &lt;tpl&gt;&lt;tag 'Public.index' /&gt;&lt;/tpl&gt; H:\www.tao.com\ThinkPHP\Library\Think\Template.class.php 第 304 行.
NOTIC: [2] simplexml_load_string():           ^ H:\www.tao.com\ThinkPHP\Library\Think\Template.class.php 第 304 行.
NOTIC: [2] simplexml_load_string(): Entity: line 1: parser error : Couldn't find end of Start Tag tag line 1 H:\www.tao.com\ThinkPHP\Library\Think\Template.class.php 第 304 行.
NOTIC: [2] simplexml_load_string(): &lt;tpl&gt;&lt;tag 'Public.index' /&gt;&lt;/tpl&gt; H:\www.tao.com\ThinkPHP\Library\Think\Template.class.php 第 304 行.
NOTIC: [2] simplexml_load_string():           ^ H:\www.tao.com\ThinkPHP\Library\Think\Template.class.php 第 304 行.
ERR: XML标签语法错误

[ 2015-11-18T16:40:02+08:00 ] 127.0.0.1 /index.php
INFO: [ app_init ] --START--
INFO: Run Behavior\BuildLiteBehavior [ RunTime:0.000017s ]
INFO: [ app_init ] --END-- [ RunTime:0.000527s ]
INFO: [ app_begin ] --START--
INFO: Run Behavior\ReadHtmlCacheBehavior [ RunTime:0.001115s ]
INFO: [ app_begin ] --END-- [ RunTime:0.001183s ]
SQL: SELECT * FROM `it_category` WHERE ( parent_id = 0 )  [ RunTime:0.0004s ]
INFO: [ view_parse ] --START--
NOTIC: [2] simplexml_load_string(): Entity: line 1: parser error : error parsing attribute name H:\www.tao.com\ThinkPHP\Library\Think\Template.class.php 第 304 行.
NOTIC: [2] simplexml_load_string(): &lt;tpl&gt;&lt;tag 'Public/index' /&gt;&lt;/tpl&gt; H:\www.tao.com\ThinkPHP\Library\Think\Template.class.php 第 304 行.
NOTIC: [2] simplexml_load_string():           ^ H:\www.tao.com\ThinkPHP\Library\Think\Template.class.php 第 304 行.
NOTIC: [2] simplexml_load_string(): Entity: line 1: parser error : attributes construct error H:\www.tao.com\ThinkPHP\Library\Think\Template.class.php 第 304 行.
NOTIC: [2] simplexml_load_string(): &lt;tpl&gt;&lt;tag 'Public/index' /&gt;&lt;/tpl&gt; H:\www.tao.com\ThinkPHP\Library\Think\Template.class.php 第 304 行.
NOTIC: [2] simplexml_load_string():           ^ H:\www.tao.com\ThinkPHP\Library\Think\Template.class.php 第 304 行.
NOTIC: [2] simplexml_load_string(): Entity: line 1: parser error : Couldn't find end of Start Tag tag line 1 H:\www.tao.com\ThinkPHP\Library\Think\Template.class.php 第 304 行.
NOTIC: [2] simplexml_load_string(): &lt;tpl&gt;&lt;tag 'Public/index' /&gt;&lt;/tpl&gt; H:\www.tao.com\ThinkPHP\Library\Think\Template.class.php 第 304 行.
NOTIC: [2] simplexml_load_string():           ^ H:\www.tao.com\ThinkPHP\Library\Think\Template.class.php 第 304 行.
ERR: XML标签语法错误

[ 2015-11-18T16:40:10+08:00 ] 127.0.0.1 /index.php
INFO: [ app_init ] --START--
INFO: Run Behavior\BuildLiteBehavior [ RunTime:0.000018s ]
INFO: [ app_init ] --END-- [ RunTime:0.000637s ]
INFO: [ app_begin ] --START--
INFO: Run Behavior\ReadHtmlCacheBehavior [ RunTime:0.000957s ]
INFO: [ app_begin ] --END-- [ RunTime:0.001024s ]
SQL: SELECT * FROM `it_category` WHERE ( parent_id = 0 )  [ RunTime:0.0002s ]
INFO: [ view_parse ] --START--
NOTIC: [2] simplexml_load_string(): Entity: line 1: parser error : error parsing attribute name H:\www.tao.com\ThinkPHP\Library\Think\Template.class.php 第 304 行.
NOTIC: [2] simplexml_load_string(): &lt;tpl&gt;&lt;tag 'Public.head' /&gt;&lt;/tpl&gt; H:\www.tao.com\ThinkPHP\Library\Think\Template.class.php 第 304 行.
NOTIC: [2] simplexml_load_string():           ^ H:\www.tao.com\ThinkPHP\Library\Think\Template.class.php 第 304 行.
NOTIC: [2] simplexml_load_string(): Entity: line 1: parser error : attributes construct error H:\www.tao.com\ThinkPHP\Library\Think\Template.class.php 第 304 行.
NOTIC: [2] simplexml_load_string(): &lt;tpl&gt;&lt;tag 'Public.head' /&gt;&lt;/tpl&gt; H:\www.tao.com\ThinkPHP\Library\Think\Template.class.php 第 304 行.
NOTIC: [2] simplexml_load_string():           ^ H:\www.tao.com\ThinkPHP\Library\Think\Template.class.php 第 304 行.
NOTIC: [2] simplexml_load_string(): Entity: line 1: parser error : Couldn't find end of Start Tag tag line 1 H:\www.tao.com\ThinkPHP\Library\Think\Template.class.php 第 304 行.
NOTIC: [2] simplexml_load_string(): &lt;tpl&gt;&lt;tag 'Public.head' /&gt;&lt;/tpl&gt; H:\www.tao.com\ThinkPHP\Library\Think\Template.class.php 第 304 行.
NOTIC: [2] simplexml_load_string():           ^ H:\www.tao.com\ThinkPHP\Library\Think\Template.class.php 第 304 行.
ERR: XML标签语法错误

[ 2015-11-18T16:41:31+08:00 ] 127.0.0.1 /index.php
INFO: [ app_init ] --START--
INFO: Run Behavior\BuildLiteBehavior [ RunTime:0.000017s ]
INFO: [ app_init ] --END-- [ RunTime:0.000576s ]
INFO: [ app_begin ] --START--
INFO: Run Behavior\ReadHtmlCacheBehavior [ RunTime:0.000839s ]
INFO: [ app_begin ] --END-- [ RunTime:0.000893s ]
SQL: SELECT * FROM `it_category` WHERE ( parent_id = 0 )  [ RunTime:0.0002s ]
INFO: [ view_parse ] --START--
INFO: [ template_filter ] --START--
INFO: Run Behavior\ContentReplaceBehavior [ RunTime:0.000190s ]
INFO: [ template_filter ] --END-- [ RunTime:0.000265s ]
INFO: Run Behavior\ParseTemplateBehavior [ RunTime:0.016840s ]
INFO: [ view_parse ] --END-- [ RunTime:0.016924s ]
INFO: [ view_filter ] --START--
INFO: Run Behavior\WriteHtmlCacheBehavior [ RunTime:0.000675s ]
INFO: [ view_filter ] --END-- [ RunTime:0.000737s ]
INFO: [ app_end ] --START--
INFO: Run Behavior\ShowPageTraceBehavior [ RunTime:0.001331s ]
INFO: [ app_end ] --END-- [ RunTime:0.001428s ]

[ 2015-11-18T16:42:32+08:00 ] 127.0.0.1 /index.php
INFO: [ app_init ] --START--
INFO: Run Behavior\BuildLiteBehavior [ RunTime:0.000026s ]
INFO: [ app_init ] --END-- [ RunTime:0.000801s ]
INFO: [ app_begin ] --START--
INFO: Run Behavior\ReadHtmlCacheBehavior [ RunTime:0.001618s ]
INFO: [ app_begin ] --END-- [ RunTime:0.001750s ]
SQL: SELECT * FROM `it_category` WHERE ( parent_id = 0 )  [ RunTime:0.0004s ]
INFO: [ view_parse ] --START--
INFO: [ template_filter ] --START--
INFO: Run Behavior\ContentReplaceBehavior [ RunTime:0.000215s ]
INFO: [ template_filter ] --END-- [ RunTime:0.000279s ]
INFO: Run Behavior\ParseTemplateBehavior [ RunTime:0.020746s ]
INFO: [ view_parse ] --END-- [ RunTime:0.020840s ]
INFO: [ view_filter ] --START--
INFO: Run Behavior\WriteHtmlCacheBehavior [ RunTime:0.000821s ]
INFO: [ view_filter ] --END-- [ RunTime:0.000895s ]
INFO: [ app_end ] --START--
INFO: Run Behavior\ShowPageTraceBehavior [ RunTime:0.001325s ]
INFO: [ app_end ] --END-- [ RunTime:0.001445s ]

[ 2015-11-18T16:42:38+08:00 ] 127.0.0.1 /index.php/Home/Index/category/cat_id/1
INFO: [ app_init ] --START--
INFO: Run Behavior\BuildLiteBehavior [ RunTime:0.000024s ]
INFO: [ app_init ] --END-- [ RunTime:0.000721s ]
INFO: [ app_begin ] --START--
INFO: Run Behavior\ReadHtmlCacheBehavior [ RunTime:0.001110s ]
INFO: [ app_begin ] --END-- [ RunTime:0.001199s ]
INFO: [ view_parse ] --START--
INFO: [ template_filter ] --START--
INFO: Run Behavior\ContentReplaceBehavior [ RunTime:0.000243s ]
INFO: [ template_filter ] --END-- [ RunTime:0.000343s ]
INFO: Run Behavior\ParseTemplateBehavior [ RunTime:0.019038s ]
INFO: [ view_parse ] --END-- [ RunTime:0.019113s ]
INFO: [ view_filter ] --START--
INFO: Run Behavior\WriteHtmlCacheBehavior [ RunTime:0.000887s ]
INFO: [ view_filter ] --END-- [ RunTime:0.000959s ]
INFO: [ app_end ] --START--
INFO: Run Behavior\ShowPageTraceBehavior [ RunTime:0.001334s ]
INFO: [ app_end ] --END-- [ RunTime:0.001426s ]

[ 2015-11-18T16:42:38+08:00 ] 127.0.0.1 /index.php/Home/Index/category/cat_id/images/logo.gif
INFO: [ app_init ] --START--
INFO: Run Behavior\BuildLiteBehavior [ RunTime:0.000028s ]
INFO: [ app_init ] --END-- [ RunTime:0.000942s ]

[ 2015-11-18T16:42:38+08:00 ] 127.0.0.1 /index.php/Home/Index/category/cat_id/css/style.css
INFO: [ app_init ] --START--
INFO: Run Behavior\BuildLiteBehavior [ RunTime:0.000023s ]
INFO: [ app_init ] --END-- [ RunTime:0.000743s ]
INFO: [ app_begin ] --START--
INFO: Run Behavior\ReadHtmlCacheBehavior [ RunTime:0.001274s ]
INFO: [ app_begin ] --END-- [ RunTime:0.001362s ]
INFO: [ view_parse ] --START--
INFO: [ template_filter ] --START--
INFO: Run Behavior\ContentReplaceBehavior [ RunTime:0.000246s ]
INFO: [ template_filter ] --END-- [ RunTime:0.000345s ]
INFO: Run Behavior\ParseTemplateBehavior [ RunTime:0.027756s ]
INFO: [ view_parse ] --END-- [ RunTime:0.027858s ]
INFO: [ view_filter ] --START--
INFO: Run Behavior\WriteHtmlCacheBehavior [ RunTime:0.000850s ]
INFO: [ view_filter ] --END-- [ RunTime:0.000924s ]
INFO: [ app_end ] --START--
INFO: Run Behavior\ShowPageTraceBehavior [ RunTime:0.001190s ]
INFO: [ app_end ] --END-- [ RunTime:0.001274s ]

[ 2015-11-18T16:42:38+08:00 ] 127.0.0.1 /index.php/Home/Index/category/cat_id/images/biao6.gif
INFO: [ app_init ] --START--
INFO: Run Behavior\BuildLiteBehavior [ RunTime:0.000052s ]
INFO: [ app_init ] --END-- [ RunTime:0.001014s ]

[ 2015-11-18T16:42:38+08:00 ] 127.0.0.1 /index.php/Home/Index/category/cat_id/images/biao7.gif
INFO: [ app_init ] --START--
INFO: Run Behavior\BuildLiteBehavior [ RunTime:0.000025s ]
INFO: [ app_init ] --END-- [ RunTime:0.001156s ]

[ 2015-11-18T16:42:38+08:00 ] 127.0.0.1 /index.php/Home/Index/category/cat_id/images/8_thumb_G_1241425513488.jpg
INFO: [ app_init ] --START--
INFO: Run Behavior\BuildLiteBehavior [ RunTime:0.000031s ]
INFO: [ app_init ] --END-- [ RunTime:0.000710s ]

[ 2015-11-18T16:42:38+08:00 ] 127.0.0.1 /index.php/Home/Index/category/cat_id/images/9_thumb_G_1241511871555.jpg
INFO: [ app_init ] --START--
INFO: Run Behavior\BuildLiteBehavior [ RunTime:0.000125s ]
INFO: [ app_init ] --END-- [ RunTime:0.000927s ]

[ 2015-11-18T16:42:38+08:00 ] 127.0.0.1 /index.php/Home/Index/category/cat_id/images/display_mode_list.gif
INFO: [ app_init ] --START--
INFO: Run Behavior\BuildLiteBehavior [ RunTime:0.000023s ]
INFO: [ app_init ] --END-- [ RunTime:0.000813s ]

[ 2015-11-18T16:42:38+08:00 ] 127.0.0.1 /index.php/Home/Index/category/cat_id/images/display_mode_grid_act.gif
INFO: [ app_init ] --START--
INFO: Run Behavior\BuildLiteBehavior [ RunTime:0.000023s ]
INFO: [ app_init ] --END-- [ RunTime:0.001099s ]

[ 2015-11-18T16:42:38+08:00 ] 127.0.0.1 /index.php/Home/Index/category/cat_id/images/goods_id_DESC.gif
INFO: [ app_init ] --START--
INFO: Run Behavior\BuildLiteBehavior [ RunTime:0.000023s ]
INFO: [ app_init ] --END-- [ RunTime:0.000700s ]

[ 2015-11-18T16:42:38+08:00 ] 127.0.0.1 /index.php/Home/Index/category/cat_id/images/display_mode_text.gif
INFO: [ app_init ] --START--
INFO: Run Behavior\BuildLiteBehavior [ RunTime:0.000026s ]
INFO: [ app_init ] --END-- [ RunTime:0.001899s ]

[ 2015-11-18T16:42:38+08:00 ] 127.0.0.1 /index.php/Home/Index/category/cat_id/images/shop_price_default.gif
INFO: [ app_init ] --START--
INFO: Run Behavior\BuildLiteBehavior [ RunTime:0.000062s ]
INFO: [ app_init ] --END-- [ RunTime:0.000886s ]

[ 2015-11-18T16:42:38+08:00 ] 127.0.0.1 /index.php/Home/Index/category/cat_id/images/32_thumb_G_1242110760196.jpg
INFO: [ app_init ] --START--
INFO: Run Behavior\BuildLiteBehavior [ RunTime:0.000024s ]
INFO: [ app_init ] --END-- [ RunTime:0.000644s ]

[ 2015-11-18T16:42:38+08:00 ] 127.0.0.1 /index.php/Home/Index/category/cat_id/images/goumai.gif
INFO: [ app_init ] --START--
INFO: Run Behavior\BuildLiteBehavior [ RunTime:0.000023s ]
INFO: [ app_init ] --END-- [ RunTime:0.000762s ]

[ 2015-11-18T16:42:38+08:00 ] 127.0.0.1 /index.php/Home/Index/category/cat_id/images/shoucang.gif
INFO: [ app_init ] --START--
INFO: Run Behavior\BuildLiteBehavior [ RunTime:0.000025s ]
INFO: [ app_init ] --END-- [ RunTime:0.001318s ]

[ 2015-11-18T16:42:38+08:00 ] 127.0.0.1 /index.php/Home/Index/category/cat_id/images/24_thumb_G_1241971981429.jpg
INFO: [ app_init ] --START--
INFO: Run Behavior\BuildLiteBehavior [ RunTime:0.000024s ]
INFO: [ app_init ] --END-- [ RunTime:0.000710s ]

[ 2015-11-18T16:42:38+08:00 ] 127.0.0.1 /index.php/Home/Index/category/cat_id/images/22_thumb_G_1241971076803.jpg
INFO: [ app_init ] --START--
INFO: Run Behavior\BuildLiteBehavior [ RunTime:0.000024s ]
INFO: [ app_init ] --END-- [ RunTime:0.000972s ]

[ 2015-11-18T16:42:38+08:00 ] 127.0.0.1 /index.php/Home/Index/category/cat_id/images/21_thumb_G_1242109298150.jpg
INFO: [ app_init ] --START--
INFO: Run Behavior\BuildLiteBehavior [ RunTime:0.000028s ]
INFO: [ app_init ] --END-- [ RunTime:0.002489s ]

[ 2015-11-18T16:42:38+08:00 ] 127.0.0.1 /index.php/Home/Index/category/cat_id/images/20_thumb_G_1242106490058.jpg
INFO: [ app_init ] --START--
INFO: Run Behavior\BuildLiteBehavior [ RunTime:0.000036s ]
INFO: [ app_init ] --END-- [ RunTime:0.000841s ]

[ 2015-11-18T16:42:38+08:00 ] 127.0.0.1 /index.php/Home/Index/category/cat_id/images/19_thumb_G_1241970175208.jpg
INFO: [ app_init ] --START--
INFO: Run Behavior\BuildLiteBehavior [ RunTime:0.000024s ]
INFO: [ app_init ] --END-- [ RunTime:0.000902s ]

[ 2015-11-18T16:42:38+08:00 ] 127.0.0.1 /index.php/Home/Index/category/cat_id/images/13_thumb_G_1241968002527.jpg
INFO: [ app_init ] --START--
INFO: Run Behavior\BuildLiteBehavior [ RunTime:0.000023s ]
INFO: [ app_init ] --END-- [ RunTime:0.000771s ]

[ 2015-11-18T16:42:38+08:00 ] 127.0.0.1 /index.php/Home/Index/category/cat_id/images/12_thumb_G_1241965978410.jpg
INFO: [ app_init ] --START--
INFO: Run Behavior\BuildLiteBehavior [ RunTime:0.000026s ]
INFO: [ app_init ] --END-- [ RunTime:0.000679s ]

[ 2015-11-18T16:42:38+08:00 ] 127.0.0.1 /index.php/Home/Index/category/cat_id/images/last_update_default.gif
INFO: [ app_init ] --START--
INFO: Run Behavior\BuildLiteBehavior [ RunTime:0.000024s ]
INFO: [ app_init ] --END-- [ RunTime:0.001592s ]

[ 2015-11-18T16:42:38+08:00 ] 127.0.0.1 /index.php/Home/Index/category/cat_id/images/10_thumb_G_1242973436403.jpg
INFO: [ app_init ] --START--
INFO: Run Behavior\BuildLiteBehavior [ RunTime:0.000069s ]
INFO: [ app_init ] --END-- [ RunTime:0.000861s ]

[ 2015-11-18T16:42:38+08:00 ] 127.0.0.1 /index.php/Home/Index/category/cat_id/images/di.jpg
INFO: [ app_init ] --START--
INFO: Run Behavior\BuildLiteBehavior [ RunTime:0.000023s ]
INFO: [ app_init ] --END-- [ RunTime:0.000775s ]

[ 2015-11-18T16:42:38+08:00 ] 127.0.0.1 /index.php/Home/Index/category/cat_id/images/sousuo.gif
INFO: [ app_init ] --START--
INFO: Run Behavior\BuildLiteBehavior [ RunTime:0.000028s ]
INFO: [ app_init ] --END-- [ RunTime:0.001018s ]

[ 2015-11-18T16:42:38+08:00 ] 127.0.0.1 /index.php/Home/Index/category/cat_id/images/biao3.gif
INFO: [ app_init ] --START--
INFO: Run Behavior\BuildLiteBehavior [ RunTime:0.000024s ]
INFO: [ app_init ] --END-- [ RunTime:0.003445s ]

[ 2015-11-18T16:42:38+08:00 ] 127.0.0.1 /index.php/Home/Index/category/cat_id/images/category.htm
INFO: [ app_init ] --START--
INFO: Run Behavior\BuildLiteBehavior [ RunTime:0.000024s ]
INFO: [ app_init ] --END-- [ RunTime:0.000629s ]
INFO: [ app_begin ] --START--
INFO: Run Behavior\ReadHtmlCacheBehavior [ RunTime:0.000988s ]
INFO: [ app_begin ] --END-- [ RunTime:0.001076s ]
INFO: [ view_parse ] --START--
INFO: [ template_filter ] --START--
INFO: Run Behavior\ContentReplaceBehavior [ RunTime:0.000229s ]
INFO: [ template_filter ] --END-- [ RunTime:0.000333s ]
INFO: Run Behavior\ParseTemplateBehavior [ RunTime:0.025138s ]
INFO: [ view_parse ] --END-- [ RunTime:0.025236s ]
INFO: [ view_filter ] --START--
INFO: Run Behavior\WriteHtmlCacheBehavior [ RunTime:0.000687s ]
INFO: [ view_filter ] --END-- [ RunTime:0.000759s ]
INFO: [ app_end ] --START--
INFO: Run Behavior\ShowPageTraceBehavior [ RunTime:0.001439s ]
INFO: [ app_end ] --END-- [ RunTime:0.001529s ]

[ 2015-11-18T16:42:38+08:00 ] 127.0.0.1 /index.php/Home/Index/category/cat_id/images/17_thumb_G_1241969394587.jpg
INFO: [ app_init ] --START--
INFO: Run Behavior\BuildLiteBehavior [ RunTime:0.000024s ]
INFO: [ app_init ] --END-- [ RunTime:0.002066s ]

